<!DOCTYPE html PUBLIC "-//W3C//DTD XHTML 1.1//EN" "https://www.w3.org/TR/xhtml11/DTD/xhtml11.dtd">
<html xmlns="https://www.w3.org/1999/xhtml">
<head>
<meta http-equiv="content-type" content="text/html; charset=UTF-8"/>
<title>TestNG Report</title>
<style type="text/css">table {margin-bottom:10px;border-collapse:collapse;empty-cells:show}th,td {border:1px solid #009;padding:.25em .5em}th {vertical-align:bottom}td {vertical-align:top}table a {font-weight:bold}.stripe td {background-color: #E6EBF9}.num {text-align:right}.passedodd td {background-color: #3F3}.passedeven td {background-color: #0A0}.skippedodd td {background-color: #DDD}.skippedeven td {background-color: #CCC}.failedodd td,.attn {background-color: #F33}.failedeven td,.stripe .attn {background-color: #D00}.stacktrace {white-space:pre;font-family:monospace}.totop {font-size:85%;text-align:center;border-bottom:2px solid #000}.invisible {display:none}</style>
</head>
<body>
<table>
<tr><th>Test</th><th># Passed</th><th># Skipped</th><th># Retried</th><th># Failed</th><th>Time (ms)</th><th>Included Groups</th><th>Excluded Groups</th></tr>
<tr><th colspan="8">Suite</th></tr>
<tr><td><a href="#t0">Test</a></td><td class="num">17</td><td class="num">0</td><td class="num">0</td><td class="num attn">17</td><td class="num">91</td><td></td><td></td></tr>
</table>
<table id='summary'><thead><tr><th>Class</th><th>Method</th><th>Start</th><th>Time (ms)</th></tr></thead><tbody><tr><th colspan="4">Suite</th></tr></tbody><tbody id="t0"><tr><th colspan="4">Test &#8212; failed</th></tr><tr class="failedeven"><td rowspan="14">online_tusur.unit_online_tusur.FactoryStydentTest</td><td><a href="#m0">test1</a></td><td rowspan="2">1654522371550</td><td rowspan="2">8</td></tr><tr class="failedeven"><td><a href="#m1">test1</a></td></tr><tr class="failedeven"><td><a href="#m2">test2</a></td><td rowspan="4">1654522371564</td><td rowspan="4">0</td></tr><tr class="failedeven"><td><a href="#m3">test2</a></td></tr><tr class="failedeven"><td><a href="#m4">test2</a></td></tr><tr class="failedeven"><td><a href="#m5">test2</a></td></tr><tr class="failedeven"><td><a href="#m6">test3</a></td><td rowspan="4">1654522371574</td><td rowspan="4">1</td></tr><tr class="failedeven"><td><a href="#m7">test3</a></td></tr><tr class="failedeven"><td><a href="#m8">test3</a></td></tr><tr class="failedeven"><td><a href="#m9">test3</a></td></tr><tr class="failedeven"><td><a href="#m10">test4</a></td><td rowspan="2">1654522371578</td><td rowspan="2">1</td></tr><tr class="failedeven"><td><a href="#m11">test4</a></td></tr><tr class="failedeven"><td><a href="#m12">test5</a></td><td rowspan="2">1654522371586</td><td rowspan="2">1</td></tr><tr class="failedeven"><td><a href="#m13">test5</a></td></tr><tr class="failedodd"><td rowspan="3">online_tusur.unit_online_tusur.NewTest</td><td><a href="#m14">test1</a></td><td rowspan="1">1654522371523</td><td rowspan="1">5</td></tr><tr class="failedodd"><td><a href="#m15">test4</a></td><td rowspan="1">1654522371542</td><td rowspan="1">1</td></tr><tr class="failedodd"><td><a href="#m16">test5</a></td><td rowspan="1">1654522371537</td><td rowspan="1">1</td></tr><tr><th colspan="4">Test &#8212; passed</th></tr><tr class="passedeven"><td rowspan="11">online_tusur.unit_online_tusur.FactoryStydentTest</td><td><a href="#m17">test1</a></td><td rowspan="3">1654522371544</td><td rowspan="3">3</td></tr><tr class="passedeven"><td><a href="#m18">test1</a></td></tr><tr class="passedeven"><td><a href="#m19">test1</a></td></tr><tr class="passedeven"><td><a href="#m20">test2</a></td><td rowspan="1">1654522371567</td><td rowspan="1">0</td></tr><tr class="passedeven"><td><a href="#m21">test3</a></td><td rowspan="1">1654522371573</td><td rowspan="1">1</td></tr><tr class="passedeven"><td><a href="#m22">test4</a></td><td rowspan="3">1654522371577</td><td rowspan="3">1</td></tr><tr class="passedeven"><td><a href="#m23">test4</a></td></tr><tr class="passedeven"><td><a href="#m24">test4</a></td></tr><tr class="passedeven"><td><a href="#m25">test5</a></td><td rowspan="3">1654522371585</td><td rowspan="3">1</td></tr><tr class="passedeven"><td><a href="#m26">test5</a></td></tr><tr class="passedeven"><td><a href="#m27">test5</a></td></tr><tr class="passedodd"><td rowspan="6">online_tusur.unit_online_tusur.NewTest</td><td><a href="#m28">test2</a></td><td rowspan="1">1654522371539</td><td rowspan="1">0</td></tr><tr class="passedodd"><td><a href="#m29">test3</a></td><td rowspan="1">1654522371540</td><td rowspan="1">1</td></tr><tr class="passedodd"><td><a href="#m30">test5</a></td><td rowspan="4">1654522371535</td><td rowspan="4">0</td></tr><tr class="passedodd"><td><a href="#m31">test5</a></td></tr><tr class="passedodd"><td><a href="#m32">test5</a></td></tr><tr class="passedodd"><td><a href="#m33">test5</a></td></tr></tbody>
</table>
<h2>Test</h2><h3 id="m0">online_tusur.unit_online_tusur.FactoryStydentTest#test1</h3><table class="result"><tr class="param"><th>Factory Parameter #1</th></tr><tr class="param stripe"><td>online_tusur.unit_online_tusur.Student@4516af24</td></tr><tr><th>Exception</th></tr><tr><td><div class="stacktrace">org.opentest4j.AssertionFailedError: expected: &lt;50&gt; but was: &lt;18&gt;
	at org.junit.jupiter.api.AssertionUtils.fail(AssertionUtils.java:55)
	at org.junit.jupiter.api.AssertionUtils.failNotEqual(AssertionUtils.java:62)
	at org.junit.jupiter.api.AssertEquals.assertEquals(AssertEquals.java:150)
	at org.junit.jupiter.api.AssertEquals.assertEquals(AssertEquals.java:145)
	at org.junit.jupiter.api.Assertions.assertEquals(Assertions.java:510)
	at online_tusur.unit_online_tusur.FactoryStydentTest.test1(FactoryStydentTest.java:31)
	at java.util.ArrayList.forEach(Unknown Source)
... Removed 27 stack frames</div></td></tr></table><p class="totop"><a href="#summary">back to summary</a></p>
<h3 id="m1">online_tusur.unit_online_tusur.FactoryStydentTest#test1</h3><table class="result"><tr class="param"><th>Factory Parameter #1</th></tr><tr class="param stripe"><td>online_tusur.unit_online_tusur.Student@587c290d</td></tr><tr><th>Exception</th></tr><tr><td><div class="stacktrace">org.opentest4j.AssertionFailedError: expected: &lt;32&gt; but was: &lt;18&gt;
	at org.junit.jupiter.api.AssertionUtils.fail(AssertionUtils.java:55)
	at org.junit.jupiter.api.AssertionUtils.failNotEqual(AssertionUtils.java:62)
	at org.junit.jupiter.api.AssertEquals.assertEquals(AssertEquals.java:150)
	at org.junit.jupiter.api.AssertEquals.assertEquals(AssertEquals.java:145)
	at org.junit.jupiter.api.Assertions.assertEquals(Assertions.java:510)
	at online_tusur.unit_online_tusur.FactoryStydentTest.test1(FactoryStydentTest.java:31)
	at java.util.ArrayList.forEach(Unknown Source)
... Removed 27 stack frames</div></td></tr></table><p class="totop"><a href="#summary">back to summary</a></p>
<h3 id="m2">online_tusur.unit_online_tusur.FactoryStydentTest#test2</h3><table class="result"><tr class="param"><th>Factory Parameter #1</th></tr><tr class="param stripe"><td>online_tusur.unit_online_tusur.Student@4ae82894</td></tr><tr><th>Exception</th></tr><tr><td><div class="stacktrace">org.opentest4j.AssertionFailedError: expected: &lt;18&gt; but was: &lt;32&gt;
	at org.junit.jupiter.api.AssertionUtils.fail(AssertionUtils.java:55)
	at org.junit.jupiter.api.AssertionUtils.failNotEqual(AssertionUtils.java:62)
	at org.junit.jupiter.api.AssertEquals.assertEquals(AssertEquals.java:150)
	at org.junit.jupiter.api.AssertEquals.assertEquals(AssertEquals.java:145)
	at org.junit.jupiter.api.Assertions.assertEquals(Assertions.java:510)
	at online_tusur.unit_online_tusur.FactoryStydentTest.test2(FactoryStydentTest.java:37)
	at java.util.ArrayList.forEach(Unknown Source)
... Removed 27 stack frames</div></td></tr></table><p class="totop"><a href="#summary">back to summary</a></p>
<h3 id="m3">online_tusur.unit_online_tusur.FactoryStydentTest#test2</h3><table class="result"><tr class="param"><th>Factory Parameter #1</th></tr><tr class="param stripe"><td>online_tusur.unit_online_tusur.Student@103f852</td></tr><tr><th>Exception</th></tr><tr><td><div class="stacktrace">org.opentest4j.AssertionFailedError: expected: &lt;18&gt; but was: &lt;32&gt;
	at org.junit.jupiter.api.AssertionUtils.fail(AssertionUtils.java:55)
	at org.junit.jupiter.api.AssertionUtils.failNotEqual(AssertionUtils.java:62)
	at org.junit.jupiter.api.AssertEquals.assertEquals(AssertEquals.java:150)
	at org.junit.jupiter.api.AssertEquals.assertEquals(AssertEquals.java:145)
	at org.junit.jupiter.api.Assertions.assertEquals(Assertions.java:510)
	at online_tusur.unit_online_tusur.FactoryStydentTest.test2(FactoryStydentTest.java:37)
	at java.util.ArrayList.forEach(Unknown Source)
... Removed 27 stack frames</div></td></tr></table><p class="totop"><a href="#summary">back to summary</a></p>
<h3 id="m4">online_tusur.unit_online_tusur.FactoryStydentTest#test2</h3><table class="result"><tr class="param"><th>Factory Parameter #1</th></tr><tr class="param stripe"><td>online_tusur.unit_online_tusur.Student@4516af24</td></tr><tr><th>Exception</th></tr><tr><td><div class="stacktrace">org.opentest4j.AssertionFailedError: expected: &lt;50&gt; but was: &lt;32&gt;
	at org.junit.jupiter.api.AssertionUtils.fail(AssertionUtils.java:55)
	at org.junit.jupiter.api.AssertionUtils.failNotEqual(AssertionUtils.java:62)
	at org.junit.jupiter.api.AssertEquals.assertEquals(AssertEquals.java:150)
	at org.junit.jupiter.api.AssertEquals.assertEquals(AssertEquals.java:145)
	at org.junit.jupiter.api.Assertions.assertEquals(Assertions.java:510)
	at online_tusur.unit_online_tusur.FactoryStydentTest.test2(FactoryStydentTest.java:37)
	at java.util.ArrayList.forEach(Unknown Source)
... Removed 27 stack frames</div></td></tr></table><p class="totop"><a href="#summary">back to summary</a></p>
<h3 id="m5">online_tusur.unit_online_tusur.FactoryStydentTest#test2</h3><table class="result"><tr class="param"><th>Factory Parameter #1</th></tr><tr class="param stripe"><td>online_tusur.unit_online_tusur.Student@1f021e6c</td></tr><tr><th>Exception</th></tr><tr><td><div class="stacktrace">org.opentest4j.AssertionFailedError: expected: &lt;18&gt; but was: &lt;32&gt;
	at org.junit.jupiter.api.AssertionUtils.fail(AssertionUtils.java:55)
	at org.junit.jupiter.api.AssertionUtils.failNotEqual(AssertionUtils.java:62)
	at org.junit.jupiter.api.AssertEquals.assertEquals(AssertEquals.java:150)
	at org.junit.jupiter.api.AssertEquals.assertEquals(AssertEquals.java:145)
	at org.junit.jupiter.api.Assertions.assertEquals(Assertions.java:510)
	at online_tusur.unit_online_tusur.FactoryStydentTest.test2(FactoryStydentTest.java:37)
	at java.util.ArrayList.forEach(Unknown Source)
... Removed 27 stack frames</div></td></tr></table><p class="totop"><a href="#summary">back to summary</a></p>
<h3 id="m6">online_tusur.unit_online_tusur.FactoryStydentTest#test3</h3><table class="result"><tr class="param"><th>Factory Parameter #1</th></tr><tr class="param stripe"><td>online_tusur.unit_online_tusur.Student@587c290d</td></tr><tr><th>Exception</th></tr><tr><td><div class="stacktrace">org.opentest4j.AssertionFailedError: expected: &lt;32&gt; but was: &lt;50&gt;
	at org.junit.jupiter.api.AssertionUtils.fail(AssertionUtils.java:55)
	at org.junit.jupiter.api.AssertionUtils.failNotEqual(AssertionUtils.java:62)
	at org.junit.jupiter.api.AssertEquals.assertEquals(AssertEquals.java:150)
	at org.junit.jupiter.api.AssertEquals.assertEquals(AssertEquals.java:145)
	at org.junit.jupiter.api.Assertions.assertEquals(Assertions.java:510)
	at online_tusur.unit_online_tusur.FactoryStydentTest.test3(FactoryStydentTest.java:44)
	at java.util.ArrayList.forEach(Unknown Source)
... Removed 27 stack frames</div></td></tr></table><p class="totop"><a href="#summary">back to summary</a></p>
<h3 id="m7">online_tusur.unit_online_tusur.FactoryStydentTest#test3</h3><table class="result"><tr class="param"><th>Factory Parameter #1</th></tr><tr class="param stripe"><td>online_tusur.unit_online_tusur.Student@4ae82894</td></tr><tr><th>Exception</th></tr><tr><td><div class="stacktrace">org.opentest4j.AssertionFailedError: expected: &lt;18&gt; but was: &lt;50&gt;
	at org.junit.jupiter.api.AssertionUtils.fail(AssertionUtils.java:55)
	at org.junit.jupiter.api.AssertionUtils.failNotEqual(AssertionUtils.java:62)
	at org.junit.jupiter.api.AssertEquals.assertEquals(AssertEquals.java:150)
	at org.junit.jupiter.api.AssertEquals.assertEquals(AssertEquals.java:145)
	at org.junit.jupiter.api.Assertions.assertEquals(Assertions.java:510)
	at online_tusur.unit_online_tusur.FactoryStydentTest.test3(FactoryStydentTest.java:44)
	at java.util.ArrayList.forEach(Unknown Source)
... Removed 27 stack frames</div></td></tr></table><p class="totop"><a href="#summary">back to summary</a></p>
<h3 id="m8">online_tusur.unit_online_tusur.FactoryStydentTest#test3</h3><table class="result"><tr class="param"><th>Factory Parameter #1</th></tr><tr class="param stripe"><td>online_tusur.unit_online_tusur.Student@1f021e6c</td></tr><tr><th>Exception</th></tr><tr><td><div class="stacktrace">org.opentest4j.AssertionFailedError: expected: &lt;18&gt; but was: &lt;50&gt;
	at org.junit.jupiter.api.AssertionUtils.fail(AssertionUtils.java:55)
	at org.junit.jupiter.api.AssertionUtils.failNotEqual(AssertionUtils.java:62)
	at org.junit.jupiter.api.AssertEquals.assertEquals(AssertEquals.java:150)
	at org.junit.jupiter.api.AssertEquals.assertEquals(AssertEquals.java:145)
	at org.junit.jupiter.api.Assertions.assertEquals(Assertions.java:510)
	at online_tusur.unit_online_tusur.FactoryStydentTest.test3(FactoryStydentTest.java:44)
	at java.util.ArrayList.forEach(Unknown Source)
... Removed 27 stack frames</div></td></tr></table><p class="totop"><a href="#summary">back to summary</a></p>
<h3 id="m9">online_tusur.unit_online_tusur.FactoryStydentTest#test3</h3><table class="result"><tr class="param"><th>Factory Parameter #1</th></tr><tr class="param stripe"><td>online_tusur.unit_online_tusur.Student@103f852</td></tr><tr><th>Exception</th></tr><tr><td><div class="stacktrace">org.opentest4j.AssertionFailedError: expected: &lt;18&gt; but was: &lt;50&gt;
	at org.junit.jupiter.api.AssertionUtils.fail(AssertionUtils.java:55)
	at org.junit.jupiter.api.AssertionUtils.failNotEqual(AssertionUtils.java:62)
	at org.junit.jupiter.api.AssertEquals.assertEquals(AssertEquals.java:150)
	at org.junit.jupiter.api.AssertEquals.assertEquals(AssertEquals.java:145)
	at org.junit.jupiter.api.Assertions.assertEquals(Assertions.java:510)
	at online_tusur.unit_online_tusur.FactoryStydentTest.test3(FactoryStydentTest.java:44)
	at java.util.ArrayList.forEach(Unknown Source)
... Removed 27 stack frames</div></td></tr></table><p class="totop"><a href="#summary">back to summary</a></p>
<h3 id="m10">online_tusur.unit_online_tusur.FactoryStydentTest#test4</h3><table class="result"><tr class="param"><th>Factory Parameter #1</th></tr><tr class="param stripe"><td>online_tusur.unit_online_tusur.Student@4ae82894</td></tr><tr><th>Exception</th></tr><tr><td><div class="stacktrace">org.opentest4j.AssertionFailedError: expected: &lt;Ivaaaaan&gt; but was: &lt;Ivan&gt;
	at org.junit.jupiter.api.AssertionUtils.fail(AssertionUtils.java:55)
	at org.junit.jupiter.api.AssertionUtils.failNotEqual(AssertionUtils.java:62)
	at org.junit.jupiter.api.AssertEquals.assertEquals(AssertEquals.java:182)
	at org.junit.jupiter.api.AssertEquals.assertEquals(AssertEquals.java:177)
	at org.junit.jupiter.api.Assertions.assertEquals(Assertions.java:1124)
	at online_tusur.unit_online_tusur.FactoryStydentTest.test4(FactoryStydentTest.java:51)
	at java.util.ArrayList.forEach(Unknown Source)
... Removed 27 stack frames</div></td></tr></table><p class="totop"><a href="#summary">back to summary</a></p>
<h3 id="m11">online_tusur.unit_online_tusur.FactoryStydentTest#test4</h3><table class="result"><tr class="param"><th>Factory Parameter #1</th></tr><tr class="param stripe"><td>online_tusur.unit_online_tusur.Student@103f852</td></tr><tr><th>Exception</th></tr><tr><td><div class="stacktrace">org.opentest4j.AssertionFailedError: expected: &lt;Ivaaaaan&gt; but was: &lt;Ivan&gt;
	at org.junit.jupiter.api.AssertionUtils.fail(AssertionUtils.java:55)
	at org.junit.jupiter.api.AssertionUtils.failNotEqual(AssertionUtils.java:62)
	at org.junit.jupiter.api.AssertEquals.assertEquals(AssertEquals.java:182)
	at org.junit.jupiter.api.AssertEquals.assertEquals(AssertEquals.java:177)
	at org.junit.jupiter.api.Assertions.assertEquals(Assertions.java:1124)
	at online_tusur.unit_online_tusur.FactoryStydentTest.test4(FactoryStydentTest.java:51)
	at java.util.ArrayList.forEach(Unknown Source)
... Removed 27 stack frames</div></td></tr></table><p class="totop"><a href="#summary">back to summary</a></p>
<h3 id="m12">online_tusur.unit_online_tusur.FactoryStydentTest#test5</h3><table class="result"><tr class="param"><th>Factory Parameter #1</th></tr><tr class="param stripe"><td>online_tusur.unit_online_tusur.Student@587c290d</td></tr><tr><th>Exception</th></tr><tr><td><div class="stacktrace">org.opentest4j.AssertionFailedError: expected: &lt;Radiiiionov&gt; but was: &lt;Radionov&gt;
	at org.junit.jupiter.api.AssertionUtils.fail(AssertionUtils.java:55)
	at org.junit.jupiter.api.AssertionUtils.failNotEqual(AssertionUtils.java:62)
	at org.junit.jupiter.api.AssertEquals.assertEquals(AssertEquals.java:182)
	at org.junit.jupiter.api.AssertEquals.assertEquals(AssertEquals.java:177)
	at org.junit.jupiter.api.Assertions.assertEquals(Assertions.java:1124)
	at online_tusur.unit_online_tusur.FactoryStydentTest.test5(FactoryStydentTest.java:58)
	at java.util.ArrayList.forEach(Unknown Source)
... Removed 27 stack frames</div></td></tr></table><p class="totop"><a href="#summary">back to summary</a></p>
<h3 id="m13">online_tusur.unit_online_tusur.FactoryStydentTest#test5</h3><table class="result"><tr class="param"><th>Factory Parameter #1</th></tr><tr class="param stripe"><td>online_tusur.unit_online_tusur.Student@4ae82894</td></tr><tr><th>Exception</th></tr><tr><td><div class="stacktrace">org.opentest4j.AssertionFailedError: expected: &lt;Radiiiionov&gt; but was: &lt;Radionov&gt;
	at org.junit.jupiter.api.AssertionUtils.fail(AssertionUtils.java:55)
	at org.junit.jupiter.api.AssertionUtils.failNotEqual(AssertionUtils.java:62)
	at org.junit.jupiter.api.AssertEquals.assertEquals(AssertEquals.java:182)
	at org.junit.jupiter.api.AssertEquals.assertEquals(AssertEquals.java:177)
	at org.junit.jupiter.api.Assertions.assertEquals(Assertions.java:1124)
	at online_tusur.unit_online_tusur.FactoryStydentTest.test5(FactoryStydentTest.java:58)
	at java.util.ArrayList.forEach(Unknown Source)
... Removed 27 stack frames</div></td></tr></table><p class="totop"><a href="#summary">back to summary</a></p>
<h3 id="m14">online_tusur.unit_online_tusur.NewTest#test1</h3><table class="result"><tr class="param"><th>Parameter #1</th><th>Parameter #2</th></tr><tr class="param stripe"><td>0</td><td>0</td></tr><tr><th colspan="2">Exception</th></tr><tr><td colspan="2"><div class="stacktrace">java.lang.AssertionError: expected [18] but found [0]
	at online_tusur.unit_online_tusur.NewTest.test1(NewTest.java:51)
	at java.util.ArrayList.forEach(Unknown Source)
... Removed 33 stack frames</div></td></tr></table><p class="totop"><a href="#summary">back to summary</a></p>
<h3 id="m15">online_tusur.unit_online_tusur.NewTest#test4</h3><table class="result"><tr><th>Exception</th></tr><tr><td><div class="stacktrace">java.lang.AssertionError: expected [true] but found [false]
	at online_tusur.unit_online_tusur.NewTest.test4(NewTest.java:78)
	at java.util.ArrayList.forEach(Unknown Source)
... Removed 31 stack frames</div></td></tr></table><p class="totop"><a href="#summary">back to summary</a></p>
<h3 id="m16">online_tusur.unit_online_tusur.NewTest#test5</h3><table class="result"><tr class="param"><th>Parameter #1</th><th>Parameter #2</th></tr><tr class="param stripe"><td>55</td><td>50</td></tr><tr><th colspan="2">Exception</th></tr><tr><td colspan="2"><div class="stacktrace">java.lang.AssertionError: expected [18] but found [50]
	at online_tusur.unit_online_tusur.NewTest.test5(NewTest.java:39)
	at java.util.ArrayList.forEach(Unknown Source)
... Removed 33 stack frames</div></td></tr></table><p class="totop"><a href="#summary">back to summary</a></p>
<h3 id="m17">online_tusur.unit_online_tusur.FactoryStydentTest#test1</h3><table class="result"><tr class="param"><th>Factory Parameter #1</th></tr><tr class="param stripe"><td>online_tusur.unit_online_tusur.Student@1f021e6c</td></tr><tr><th class="invisible"/></tr></table><p class="totop"><a href="#summary">back to summary</a></p>
<h3 id="m18">online_tusur.unit_online_tusur.FactoryStydentTest#test1</h3><table class="result"><tr class="param"><th>Factory Parameter #1</th></tr><tr class="param stripe"><td>online_tusur.unit_online_tusur.Student@4ae82894</td></tr><tr><th class="invisible"/></tr></table><p class="totop"><a href="#summary">back to summary</a></p>
<h3 id="m19">online_tusur.unit_online_tusur.FactoryStydentTest#test1</h3><table class="result"><tr class="param"><th>Factory Parameter #1</th></tr><tr class="param stripe"><td>online_tusur.unit_online_tusur.Student@103f852</td></tr><tr><th class="invisible"/></tr></table><p class="totop"><a href="#summary">back to summary</a></p>
<h3 id="m20">online_tusur.unit_online_tusur.FactoryStydentTest#test2</h3><table class="result"><tr class="param"><th>Factory Parameter #1</th></tr><tr class="param stripe"><td>online_tusur.unit_online_tusur.Student@587c290d</td></tr><tr><th class="invisible"/></tr></table><p class="totop"><a href="#summary">back to summary</a></p>
<h3 id="m21">online_tusur.unit_online_tusur.FactoryStydentTest#test3</h3><table class="result"><tr class="param"><th>Factory Parameter #1</th></tr><tr class="param stripe"><td>online_tusur.unit_online_tusur.Student@4516af24</td></tr><tr><th class="invisible"/></tr></table><p class="totop"><a href="#summary">back to summary</a></p>
<h3 id="m22">online_tusur.unit_online_tusur.FactoryStydentTest#test4</h3><table class="result"><tr class="param"><th>Factory Parameter #1</th></tr><tr class="param stripe"><td>online_tusur.unit_online_tusur.Student@1f021e6c</td></tr><tr><th class="invisible"/></tr></table><p class="totop"><a href="#summary">back to summary</a></p>
<h3 id="m23">online_tusur.unit_online_tusur.FactoryStydentTest#test4</h3><table class="result"><tr class="param"><th>Factory Parameter #1</th></tr><tr class="param stripe"><td>online_tusur.unit_online_tusur.Student@4516af24</td></tr><tr><th class="invisible"/></tr></table><p class="totop"><a href="#summary">back to summary</a></p>
<h3 id="m24">online_tusur.unit_online_tusur.FactoryStydentTest#test4</h3><table class="result"><tr class="param"><th>Factory Parameter #1</th></tr><tr class="param stripe"><td>online_tusur.unit_online_tusur.Student@587c290d</td></tr><tr><th class="invisible"/></tr></table><p class="totop"><a href="#summary">back to summary</a></p>
<h3 id="m25">online_tusur.unit_online_tusur.FactoryStydentTest#test5</h3><table class="result"><tr class="param"><th>Factory Parameter #1</th></tr><tr class="param stripe"><td>online_tusur.unit_online_tusur.Student@4516af24</td></tr><tr><th class="invisible"/></tr></table><p class="totop"><a href="#summary">back to summary</a></p>
<h3 id="m26">online_tusur.unit_online_tusur.FactoryStydentTest#test5</h3><table class="result"><tr class="param"><th>Factory Parameter #1</th></tr><tr class="param stripe"><td>online_tusur.unit_online_tusur.Student@1f021e6c</td></tr><tr><th class="invisible"/></tr></table><p class="totop"><a href="#summary">back to summary</a></p>
<h3 id="m27">online_tusur.unit_online_tusur.FactoryStydentTest#test5</h3><table class="result"><tr class="param"><th>Factory Parameter #1</th></tr><tr class="param stripe"><td>online_tusur.unit_online_tusur.Student@103f852</td></tr><tr><th class="invisible"/></tr></table><p class="totop"><a href="#summary">back to summary</a></p>
<h3 id="m28">online_tusur.unit_online_tusur.NewTest#test2</h3><table class="result"><tr><th class="invisible"/></tr></table><p class="totop"><a href="#summary">back to summary</a></p>
<h3 id="m29">online_tusur.unit_online_tusur.NewTest#test3</h3><table class="result"><tr><th class="invisible"/></tr></table><p class="totop"><a href="#summary">back to summary</a></p>
<h3 id="m30">online_tusur.unit_online_tusur.NewTest#test5</h3><table class="result"><tr class="param"><th>Parameter #1</th><th>Parameter #2</th></tr><tr class="param stripe"><td>32</td><td>32</td></tr></table><p class="totop"><a href="#summary">back to summary</a></p>
<h3 id="m31">online_tusur.unit_online_tusur.NewTest#test5</h3><table class="result"><tr class="param"><th>Parameter #1</th><th>Parameter #2</th></tr><tr class="param stripe"><td>18</td><td>18</td></tr></table><p class="totop"><a href="#summary">back to summary</a></p>
<h3 id="m32">online_tusur.unit_online_tusur.NewTest#test5</h3><table class="result"><tr class="param"><th>Parameter #1</th><th>Parameter #2</th></tr><tr class="param stripe"><td>50</td><td>50</td></tr></table><p class="totop"><a href="#summary">back to summary</a></p>
<h3 id="m33">online_tusur.unit_online_tusur.NewTest#test5</h3><table class="result"><tr class="param"><th>Parameter #1</th><th>Parameter #2</th></tr><tr class="param stripe"><td>17</td><td>18</td></tr></table><p class="totop"><a href="#summary">back to summary</a></p>
</body>
</html>
